<?xml version="1.0" encoding="UTF-8"?>
<!-- Generated by org.testng.reporters.JUnitReportReporter -->
<testsuite hostname="Satyam" failures="0" tests="6" name="test.testcases.LoginTest" time="77.811" errors="0" timestamp="2025-12-27T20:20:38 IST" skipped="3">
  <testcase classname="test.testcases.LoginTest" name="login" time="12.499"/>
  <system-out/>
  <testcase classname="test.testcases.LoginTest" name="login" time="14.246">
    <skipped/>
  </testcase> <!-- login -->
  <system-out/>
  <testcase classname="test.testcases.LoginTest" name="login" time="13.111"/>
  <system-out/>
  <testcase classname="test.testcases.LoginTest" name="login" time="12.908">
    <skipped/>
  </testcase> <!-- login -->
  <system-out/>
  <testcase classname="test.testcases.LoginTest" name="login" time="12.487"/>
  <system-out/>
  <testcase classname="test.testcases.LoginTest" name="login" time="12.560">
    <skipped/>
  </testcase> <!-- login -->
  <system-out/>
</testsuite> <!-- test.testcases.LoginTest -->
