<?xml version="1.0" encoding="UTF-8"?>
<testsuite xmlns:xsi="http://www.w3.org/2001/XMLSchema-instance" xsi:noNamespaceSchemaLocation="https://maven.apache.org/surefire/maven-surefire-plugin/xsd/surefire-test-report-3.0.xsd" version="3.0" name="TestSuite" time="79.494" tests="6" errors="0" skipped="3" failures="0">
  <properties>
[...]
</properties>
  <testcase name="login[Admin, admin123](1)" classname="test.testcases.LoginTest" time="0.0">
    <skipped message="expected [true] but found [false]"/>
    <system-out><![CDATA[========== SUITE STARTED : Suite ==========
SetUp Started...............
browser =chrome
Driver Started → chrome
▶ TEST STARTED : login
🔁 Retrying test: login | Retry count: 1
⚠ TEST SKIPPED : login
]]></system-out>
    <system-err><![CDATA[SLF4J: Failed to load class "org.slf4j.impl.StaticLoggerBinder".
SLF4J: Defaulting to no-operation (NOP) logger implementation
SLF4J: See http://www.slf4j.org/codes.html#StaticLoggerBinder for further details.
]]></system-err>
  </testcase>
  <testcase name="login[Admin, admin123](2)" classname="test.testcases.LoginTest" time="11.322">
    <system-out><![CDATA[Driver Closed.
SetUp Started...............
browser =chrome
Driver Started → chrome
▶ TEST STARTED : login
✔ TEST PASSED : login
]]></system-out>
  </testcase>
  <testcase name="login[Admin, admin123](3)" classname="test.testcases.LoginTest" time="0.0">
    <skipped message="expected [true] but found [false]"/>
    <system-out><![CDATA[Driver Closed.
SetUp Started...............
browser =chrome
Driver Started → chrome
▶ TEST STARTED : login
🔁 Retrying test: login | Retry count: 1
⚠ TEST SKIPPED : login
]]></system-out>
  </testcase>
  <testcase name="login[Admin, admin123](4)" classname="test.testcases.LoginTest" time="10.953">
    <system-out><![CDATA[Driver Closed.
SetUp Started...............
browser =chrome
Driver Started → chrome
▶ TEST STARTED : login
✔ TEST PASSED : login
]]></system-out>
  </testcase>
  <testcase name="login[Admin, admin123](5)" classname="test.testcases.LoginTest" time="0.0">
    <skipped message="expected [true] but found [false]"/>
    <system-out><![CDATA[Driver Closed.
SetUp Started...............
browser =chrome
Driver Started → chrome
▶ TEST STARTED : login
🔁 Retrying test: login | Retry count: 1
⚠ TEST SKIPPED : login
]]></system-out>
  </testcase>
  <testcase name="login[Admin, admin123](6)" classname="test.testcases.LoginTest" time="10.905">
    <system-out><![CDATA[Driver Closed.
SetUp Started...............
browser =chrome
Driver Started → chrome
▶ TEST STARTED : login
✔ TEST PASSED : login
]]></system-out>
  </testcase>
</testsuite>